3x3.in
MY MEAN
Time:  85.2384588718
MY MEDIAN
Time:  90.2730391026
CV GAUSSIAN
Time:  0.002277135849
CV BLUR
Time:  0.00183296203613
CV 2D
Time:  0.00522398948669
CV MEDIAN
Time:  0.0012059211731

real	2m55.800s
user	2m55.832s
sys	0m0.208s

5x5.in
MY MEAN
Time:  234.921764851
MY MEDIAN
Time:  112.485123873
CV GAUSSIAN
Time:  0.00343179702759
CV BLUR
Time:  0.00224995613098
CV 2D
Time:  0.0136139392853
CV MEDIAN
Time:  0.0122981071472

real	5m47.711s
user	5m47.772s
sys	0m0.232

7x7.in
MY MEAN
Time:  420.407653093
MY MEDIAN
Time:  143.418194056
CV GAUSSIAN
Time:  0.00640916824341
CV BLUR
Time:  0.003005027771
CV 2D
Time:  0.024365901947
CV MEDIAN
Time:  0.0839340686798

real	9m24.256s
user	9m24.288s
sys	0m0.192s

gaussian3x3.in
MY MEAN
Time:  85.4031960964
MY MEDIAN
Time:  91.4157450199
CV GAUSSIAN
Time:  0.00225877761841
CV BLUR
Time:  0.00194501876831
CV 2D
Time:  0.00336408615112
CV MEDIAN
Time:  0.00118803977966

real	2m57.099s
user	2m57.164s
sys	0m0.160s

gaussian5x5.in
MY MEAN
Time:  224.145529032
MY MEDIAN
Time:  112.140175104
CV GAUSSIAN
Time:  0.00341701507568
CV BLUR
Time:  0.00214886665344
CV 2D
Time:  0.0137419700623
CV MEDIAN
Time:  0.0123438835144

real	5m36.591s
user	5m36.672s
sys	0m0.192s

gaussian7x7.in
MY MEAN
Time:  447.661857843
MY MEDIAN
Time:  151.286273956
CV GAUSSIAN
Time:  0.00688982009888
CV BLUR
Time:  0.00294494628906
CV 2D
Time:  0.0161330699921
CV MEDIAN
Time:  0.0813720226288

real	9m59.324s
user	9m59.440s
sys	0m0.164s
