3x3.in
MY MEAN
Time:  29.2129528522
MY MEDIAN
Time:  31.4123909473
CV GAUSSIAN
Time:  0.000860929489136
CV BLUR
Time:  0.000692129135132
CV 2D
Time:  0.00188803672791
CV MEDIAN
Time:  0.000524997711182

real	1m0.838s
user	1m0.872s
sys	0m0.160s

5x5.in
MY MEAN
Time:  79.4345610142
MY MEDIAN
Time:  38.8050320148
CV GAUSSIAN
Time:  0.00123691558838
CV BLUR
Time:  0.000723838806152
CV 2D
Time:  0.00483798980713
CV MEDIAN
Time:  0.00481796264648

real	1m58.435s
user	1m58.492s
sys	0m0.200s

7x7.in
MY MEAN
Time:  159.671390057
MY MEDIAN
Time:  52.6572110653
CV GAUSSIAN
Time:  0.00231695175171
CV BLUR
Time:  0.00102996826172
CV 2D
Time:  0.0084810256958
CV MEDIAN
Time:  0.0272510051727

real	3m32.549s
user	3m32.612s
sys	0m0.200s

gaussian3x3.in
MY MEAN
Time:  28.7377119064
MY MEDIAN
Time:  31.5527310371
CV GAUSSIAN
Time:  0.000900030136108
CV BLUR
Time:  0.000641107559204
CV 2D
Time:  0.00113987922668
CV MEDIAN
Time:  0.000703811645508

real	1m0.484s
user	1m0.524s
sys	0m0.124s

gaussian5x5.in
MY MEAN
Time:  74.7088689804
MY MEDIAN
Time:  38.7444739342
CV GAUSSIAN
Time:  0.00116801261902
CV BLUR
Time:  0.000692129135132
CV 2D
Time:  0.00487494468689
CV MEDIAN
Time:  0.00493216514587

real	1m53.650s
user	1m53.696s
sys	0m0.164s

gaussian7x7.in
MY MEAN
Time:  148.891184092
MY MEDIAN
Time:  51.1485660076
CV GAUSSIAN
Time:  0.00227403640747
CV BLUR
Time:  0.000994920730591
CV 2D
Time:  0.00536608695984
CV MEDIAN
Time:  0.027281999588

real	3m20.261s
user	3m20.276s
sys	0m0.180s
