3x3.in
MY MEAN
Time:  40.0382971764
MY MEDIAN
Time:  43.4948120117
CV GAUSSIAN
Time:  0.0500221252441
CV BLUR
Time:  0.0156109333038
CV 2D
Time:  0.0188319683075
CV MEDIAN
Time:  0.0111501216888

real	1m26.370s
user	1m23.876s
sys	0m0.204s

5x5.in
MY MEAN
Time:  106.463927984
MY MEDIAN
Time:  53.7989270687
CV GAUSSIAN
Time:  0.00165009498596
CV BLUR
Time:  0.00109910964966
CV 2D
Time:  0.00651288032532
CV MEDIAN
Time:  0.00687909126282

real	2m40.500s
user	2m40.504s
sys	0m0.180s

7x7.in
MY MEAN
Time:  202.024447918
MY MEDIAN
Time:  70.5908219814
CV GAUSSIAN
Time:  0.0030779838562
CV BLUR
Time:  0.00138807296753
CV 2D
Time:  0.0114419460297
CV MEDIAN
Time:  0.0398409366608

real	4m32.885s
user	4m32.896s
sys	0m0.096s


gaussian3x3.in
MY MEAN
Time:  39.1765499115
MY MEDIAN
Time:  43.4296019077
CV GAUSSIAN
Time:  0.00108599662781
CV BLUR
Time:  0.00141191482544
CV 2D
Time:  0.00157189369202
CV MEDIAN
Time:  0.000602006912231

real	1m22.818s
user	1m22.816s
sys	0m0.164s

gaussian5x5.in
MY MEAN
Time:  108.002631903
MY MEDIAN
Time:  53.1742730141
CV GAUSSIAN
Time:  0.00161218643188
CV BLUR
Time:  0.00104093551636
CV 2D
Time:  0.00657510757446
CV MEDIAN
Time:  0.00682806968689

real	2m41.395s
user	2m41.420s
sys	0m0.160s

gaussian7x7.in
MY MEAN
Time:  197.198083878
MY MEDIAN
Time:  67.610555172
CV GAUSSIAN
Time:  0.00308704376221
CV BLUR
Time:  0.00147891044617
CV 2D
Time:  0.00756502151489
CV MEDIAN
Time:  0.0392899513245

real	4m25.059s
user	4m25.132s
sys	0m0.132s

