3x3.in
MY MEAN
Time:  8.28212690353
MY MEDIAN
Time:  8.99200296402
CV GAUSSIAN
Time:  0.000372886657715
CV BLUR
Time:  0.00023889541626
CV 2D
Time:  0.000603914260864
CV MEDIAN
Time:  0.000257968902588

real	0m17.436s
user	0m17.460s
sys	0m0.188s

5x5.in
MY MEAN
Time:  22.712719202
MY MEDIAN
Time:  11.1327669621
CV GAUSSIAN
Time:  0.000668048858643
CV BLUR
Time:  0.000421047210693
CV 2D
Time:  0.00157499313354
CV MEDIAN
Time:  0.00180196762085

real	0m33.988s
user	0m34.016s
sys	0m0.140s

7x7.in
MY MEAN
Time:  42.5050599575
MY MEDIAN
Time:  14.2901790142
CV GAUSSIAN
Time:  0.00083589553833
CV BLUR
Time:  0.000408887863159
CV 2D
Time:  0.00253295898438
CV MEDIAN
Time:  0.00884294509888

real	0m56.940s
user	0m56.952s
sys	0m0.192s

gaussian3x3.in
MY MEAN
Time:  8.7318880558
MY MEDIAN
Time:  9.1304628849
CV GAUSSIAN
Time:  0.000363111495972
CV BLUR
Time:  0.000241994857788
CV 2D
Time:  0.000708103179932
CV MEDIAN
Time:  0.000293016433716

real	0m18.015s
user	0m18.024s
sys	0m0.144s

gaussian5x5.in
MY MEAN
Time:  22.642427206
MY MEDIAN
Time:  11.2816550732
CV GAUSSIAN
Time:  0.000436067581177
CV BLUR
Time:  0.000246047973633
CV 2D
Time:  0.00142097473145
CV MEDIAN
Time:  0.00171995162964

real	0m34.071s
user	0m34.108s
sys	0m0.136s

gaussian7x7.in
MY MEAN
Time:  41.6476700306
MY MEDIAN
Time:  13.9445970058
CV GAUSSIAN
Time:  0.00075101852417
CV BLUR
Time:  0.000342845916748
CV 2D
Time:  0.00167417526245
CV MEDIAN
Time:  0.00889015197754

real	0m55.756s
user	0m55.784s
sys	0m0.212s

