3x3.in
MY MEAN
Time:  3694.31034613
MY MEDIAN
Time:  5774.1599319
CV GAUSSIAN
Time:  0.449228048325
CV BLUR
Time:  0.421099901199
CV 2D
Time:  0.495437860489
CV MEDIAN
Time:  0.165329933167

real	158m6.871s
user	158m1.501s
sys	0m4.625s


5x5.in
MY MEAN
Time:  10625.4726858
MY MEDIAN
Time:  10797.38007
CV GAUSSIAN
Time:  0.532482147217
CV BLUR
Time:  0.392575979233
CV 2D
Time:  1.10357689857
CV MEDIAN
Time:  0.678706169128

real	357m21.358s
user	357m14.410s
sys	0m6.621s


7x7.in
MY MEAN
Time:  13452.849787
MY MEDIAN
Time:  4576.92459202
CV GAUSSIAN
Time:  0.332641124725
CV BLUR
Time:  0.140005111694
CV 2D
Time:  0.825050830841
CV MEDIAN
Time:  2.30716180801

real	300m39.484s
user	300m40.116s
sys	0m1.284
